<?xml version="1.0" encoding="UTF-8"?>
<testng-results ignored="0" total="1" passed="1" failed="0" skipped="0">
  <reporter-output>
  </reporter-output>
  <suite started-at="2023-11-28T05:37:43Z" name="Default suite" finished-at="2023-11-28T05:37:48Z" duration-ms="5806">
    <groups>
      <group name="cucumber">
        <method signature="AbstractTestNGCucumberTests.runScenario(io.cucumber.testng.PickleWrapper, io.cucumber.testng.FeatureWrapper)[pri:0, instance:orange.ny.myrunner.MyRunner@68702e03]" name="runScenario" class="io.cucumber.testng.AbstractTestNGCucumberTests"/>
      </group> <!-- cucumber -->
    </groups>
    <test started-at="2023-11-28T05:37:43Z" name="Default test" finished-at="2023-11-28T05:37:48Z" duration-ms="5806">
      <class name="orange.ny.myrunner.MyRunner">
        <test-method is-config="true" signature="setUpClass()[pri:0, instance:orange.ny.myrunner.MyRunner@68702e03]" started-at="2023-11-28T05:37:43Z" name="setUpClass" finished-at="2023-11-28T05:37:43Z" duration-ms="135" status="PASS">
          <reporter-output>
          </reporter-output>
        </test-method> <!-- setUpClass -->
        <test-method signature="runScenario(io.cucumber.testng.PickleWrapper, io.cucumber.testng.FeatureWrapper)[pri:0, instance:orange.ny.myrunner.MyRunner@68702e03]" started-at="2023-11-28T05:37:43Z" name="runScenario" description="Runs Cucumber Scenarios" data-provider="scenarios" finished-at="2023-11-28T05:37:48Z" duration-ms="5654" status="PASS">
          <params>
            <param index="0">
              <value>
                <![CDATA["valid able loging the application."]]>
              </value>
            </param>
            <param index="1">
              <value>
                <![CDATA["Optional[validusers can login the application]"]]>
              </value>
            </param>
          </params>
          <reporter-output>
          </reporter-output>
        </test-method> <!-- runScenario -->
        <test-method is-config="true" signature="tearDownClass()[pri:0, instance:orange.ny.myrunner.MyRunner@68702e03]" started-at="2023-11-28T05:37:48Z" name="tearDownClass" finished-at="2023-11-28T05:37:48Z" duration-ms="7" status="PASS">
          <reporter-output>
          </reporter-output>
        </test-method> <!-- tearDownClass -->
      </class> <!-- orange.ny.myrunner.MyRunner -->
    </test> <!-- Default test -->
  </suite> <!-- Default suite -->
</testng-results>
